<?xml version="1.0" encoding="UTF-8"?>
<!-- Generated by org.testng.reporters.JUnitReportReporter -->
<testsuite hostname="LAPTOP-VU3PB39N" failures="0" tests="1" name="com.example.chatbotapp.SeleniumChatBotTesting" time="0.000" errors="0" timestamp="2024-09-22T15:07:23 IST" skipped="1">
  <testcase classname="com.example.chatbotapp.SeleniumChatBotTesting" name="testChatbotResponses" time="0.000">
    <skipped/>
  </testcase> <!-- testChatbotResponses -->
  <system-out/>
</testsuite> <!-- com.example.chatbotapp.SeleniumChatBotTesting -->
